<?xml version="1.0" encoding="UTF-8"?>
<testsuite name="virina.AppTest" tests="1" skipped="0" failures="0" errors="0" timestamp="2023-07-05T04:29:42" hostname="yamazakishunnoMacBook-Air.local" time="0.044">
  <properties/>
  <testcase name="appHasAGreeting()" classname="virina.AppTest" time="0.044"/>
  <system-out><![CDATA[]]></system-out>
  <system-err><![CDATA[]]></system-err>
</testsuite>
